Using pre-set license
Built from 'trunk' branch; Version is '6000.0.21f1 (e2bacb8dee3a) revision 14858955'; Using compiler version '193933523'; Build Type 'Release'
OS: 'Windows 11  (10.0.26100) 64bit CoreSingleLanguage' Language: 'en' Physical Memory: 7532 MB
BatchMode: 1, IsHumanControllingUs: 0, StartBugReporterOnCrash: 0, Is64bit: 1, IsPro: 1

COMMAND LINE ARGUMENTS:
E:\unity\6000.0.21f1\Editor\Unity.exe
-adb2
-batchMode
-noUpm
-name
AssetImportWorker0
-projectPath
C:/Users/Lenovo/Downloads/Chess-main/Chess-main
-logFile
Logs/AssetImportWorker0.log
-srvPort
64674
-job-worker-count
5
-background-job-worker-count
8
-asset-garbage-collectors
1
Successfully changed project path to: C:/Users/Lenovo/Downloads/Chess-main/Chess-main
C:/Users/Lenovo/Downloads/Chess-main/Chess-main
[UnityMemory] Configuration Parameters - Can be set up in boot.config
    "memorysetup-bucket-allocator-granularity=16"
    "memorysetup-bucket-allocator-bucket-count=8"
    "memorysetup-bucket-allocator-block-size=33554432"
    "memorysetup-bucket-allocator-block-count=8"
    "memorysetup-main-allocator-block-size=16777216"
    "memorysetup-thread-allocator-block-size=16777216"
    "memorysetup-gfx-main-allocator-block-size=16777216"
    "memorysetup-gfx-thread-allocator-block-size=16777216"
    "memorysetup-cache-allocator-block-size=4194304"
    "memorysetup-typetree-allocator-block-size=2097152"
    "memorysetup-profiler-bucket-allocator-granularity=16"
    "memorysetup-profiler-bucket-allocator-bucket-count=8"
    "memorysetup-profiler-bucket-allocator-block-size=33554432"
    "memorysetup-profiler-bucket-allocator-block-count=8"
    "memorysetup-profiler-allocator-block-size=16777216"
    "memorysetup-profiler-editor-allocator-block-size=1048576"
    "memorysetup-temp-allocator-size-main=16777216"
    "memorysetup-job-temp-allocator-block-size=2097152"
    "memorysetup-job-temp-allocator-block-size-background=1048576"
    "memorysetup-job-temp-allocator-reduction-small-platforms=262144"
    "memorysetup-allocator-temp-initial-block-size-main=262144"
    "memorysetup-allocator-temp-initial-block-size-worker=262144"
    "memorysetup-temp-allocator-size-background-worker=32768"
    "memorysetup-temp-allocator-size-job-worker=262144"
    "memorysetup-temp-allocator-size-preload-manager=33554432"
    "memorysetup-temp-allocator-size-nav-mesh-worker=65536"
    "memorysetup-temp-allocator-size-audio-worker=65536"
    "memorysetup-temp-allocator-size-cloud-worker=32768"
    "memorysetup-temp-allocator-size-gi-baking-worker=262144"
    "memorysetup-temp-allocator-size-gi-baking-worker=262144"
    "memorysetup-temp-allocator-size-gi-baking-worker=262144"
    "memorysetup-temp-allocator-size-gi-baking-worker=262144"
    "memorysetup-temp-allocator-size-gi-baking-worker=262144"
    "memorysetup-temp-allocator-size-gfx=262144"
Player connection [11924]  Target information:

Player connection [11924]  * "[IP] 192.168.29.206 [Port] 0 [Flags] 2 [Guid] 842126844 [EditorId] 842126844 [Version] 1048832 [Id] WindowsEditor(7,yono) [Debug] 1 [PackageName] WindowsEditor [ProjectName] Editor" 

Player connection [11924] Host joined multi-casting on [225.0.0.222:54997]...
Player connection [11924] Host joined alternative multi-casting on [225.0.0.222:34997]...
JobSystem: Creating JobQueue using job-worker-count value 5
[Physics::Module] Initialized fallback backend.
[Physics::Module] Id: 0xdecafbad
Library Redirect Path: Library/
[Physics::Module] Selected backend.
[Physics::Module] Name: PhysX
[Physics::Module] Id: 0xf2b8ea05
[Physics::Module] SDK Version: 4.1.2
[Physics::Module] Integration Version: 1.0.0
[Physics::Module] Threading Mode: Multi-Threaded
Refreshing native plugins compatible for Editor in 24.25 ms, found 2 plugins.
Preloading 0 native plugins for Editor in 0.00 ms.
Initialize engine version: 6000.0.21f1 (e2bacb8dee3a)
[Subsystems] Discovering subsystems at path E:/unity/6000.0.21f1/Editor/Data/Resources/UnitySubsystems
[Subsystems] Discovering subsystems at path C:/Users/Lenovo/Downloads/Chess-main/Chess-main/Assets
GfxDevice: creating device client; kGfxThreadingModeNonThreaded
Direct3D:
    Version:  Direct3D 11.0 [level 11.1]
    Renderer: NVIDIA GeForce GTX 1650 (ID=0x1f9d)
    Vendor:   NVIDIA
    VRAM:     3938 MB
    Driver:   32.0.15.5599
Initialize mono
Mono path[0] = 'E:/unity/6000.0.21f1/Editor/Data/Managed'
Mono path[1] = 'E:/unity/6000.0.21f1/Editor/Data/MonoBleedingEdge/lib/mono/unityjit-win32'
Mono config path = 'E:/unity/6000.0.21f1/Editor/Data/MonoBleedingEdge/etc'
Using monoOptions --debugger-agent=transport=dt_socket,embedding=1,server=y,suspend=n,address=127.0.0.1:56088
Begin MonoManager ReloadAssembly
Registering precompiled unity dll's ...
Register platform support module: E:/unity/6000.0.21f1/Editor/Data/PlaybackEngines/WebGLSupport/UnityEditor.WebGL.Extensions.dll
Register platform support module: E:/unity/6000.0.21f1/Editor/Data/PlaybackEngines/WindowsStandaloneSupport/UnityEditor.WindowsStandalone.Extensions.dll
Register platform support module: E:/unity/6000.0.21f1/Editor/Data/PlaybackEngines/MetroSupport/UnityEditor.UWP.Extensions.dll
Register platform support module: E:/unity/6000.0.21f1/Editor/Data/PlaybackEngines/AndroidPlayer/UnityEditor.Android.Extensions.dll
Registered in 0.004393 seconds.
- Loaded All Assemblies, in  0.525 seconds
Native extension for Android target not found
Android Extension - Scanning For ADB Devices 321 ms
Native extension for UWP target not found
Native extension for WindowsStandalone target not found
Native extension for WebGL target not found
Mono: successfully reloaded assembly
- Finished resetting the current domain, in  0.814 seconds
Domain Reload Profiling: 1339ms
	BeginReloadAssembly (217ms)
		ExecutionOrderSort (0ms)
		DisableScriptedObjects (0ms)
		BackupInstance (0ms)
		ReleaseScriptingObjects (0ms)
		CreateAndSetChildDomain (1ms)
	RebuildCommonClasses (47ms)
	RebuildNativeTypeToScriptingClass (12ms)
	initialDomainReloadingComplete (53ms)
	LoadAllAssembliesAndSetupDomain (195ms)
		LoadAssemblies (217ms)
		RebuildTransferFunctionScriptingTraits (0ms)
		AnalyzeDomain (188ms)
			TypeCache.Refresh (187ms)
				TypeCache.ScanAssembly (171ms)
			BuildScriptInfoCaches (0ms)
			ResolveRequiredComponents (1ms)
	FinalizeReload (815ms)
		ReleaseScriptCaches (0ms)
		RebuildScriptCaches (0ms)
		SetupLoadedEditorAssemblies (775ms)
			LogAssemblyErrors (0ms)
			InitializePlatformSupportModulesInManaged (410ms)
			SetLoadedEditorAssemblies (4ms)
			BeforeProcessingInitializeOnLoad (8ms)
			ProcessInitializeOnLoadAttributes (236ms)
			ProcessInitializeOnLoadMethodAttributes (114ms)
			AfterProcessingInitializeOnLoad (4ms)
			EditorAssembliesLoaded (0ms)
		ExecutionOrderSort2 (0ms)
		AwakeInstancesAfterBackupRestoration (0ms)
========================================================================
Worker process is ready to serve import requests
Import Worker Mode flag is 0x00
Begin MonoManager ReloadAssembly
Symbol file LoadedFromMemory is not a mono symbol file
- Loaded All Assemblies, in  1.633 seconds
OnLevelWasLoaded was found on SettingsPanel
This message has been deprecated and will be removed in a later version of Unity.
Add a delegate to SceneManager.sceneLoaded instead to get notifications after scene loading has completed
Refreshing native plugins compatible for Editor in 6.26 ms, found 2 plugins.
OnLevelWasLoaded was found on SettingsPanel
This message has been deprecated and will be removed in a later version of Unity.
Add a delegate to SceneManager.sceneLoaded instead to get notifications after scene loading has completed
Native extension for Android target not found
Native extension for UWP target not found
Native extension for WindowsStandalone target not found
Native extension for WebGL target not found
Refreshing native plugins compatible for Editor in 8.25 ms, found 2 plugins.
Mono: successfully reloaded assembly
- Finished resetting the current domain, in  1.197 seconds
Domain Reload Profiling: 2827ms
	BeginReloadAssembly (898ms)
		ExecutionOrderSort (0ms)
		DisableScriptedObjects (6ms)
		BackupInstance (0ms)
		ReleaseScriptingObjects (0ms)
		CreateAndSetChildDomain (58ms)
	RebuildCommonClasses (50ms)
	RebuildNativeTypeToScriptingClass (18ms)
	initialDomainReloadingComplete (46ms)
	LoadAllAssembliesAndSetupDomain (617ms)
		LoadAssemblies (590ms)
		RebuildTransferFunctionScriptingTraits (0ms)
		AnalyzeDomain (165ms)
			TypeCache.Refresh (122ms)
				TypeCache.ScanAssembly (101ms)
			BuildScriptInfoCaches (37ms)
			ResolveRequiredComponents (3ms)
	FinalizeReload (1198ms)
		ReleaseScriptCaches (0ms)
		RebuildScriptCaches (0ms)
		SetupLoadedEditorAssemblies (957ms)
			LogAssemblyErrors (0ms)
			InitializePlatformSupportModulesInManaged (13ms)
			SetLoadedEditorAssemblies (4ms)
			BeforeProcessingInitializeOnLoad (67ms)
			ProcessInitializeOnLoadAttributes (701ms)
			ProcessInitializeOnLoadMethodAttributes (167ms)
			AfterProcessingInitializeOnLoad (4ms)
			EditorAssembliesLoaded (0ms)
		ExecutionOrderSort2 (0ms)
		AwakeInstancesAfterBackupRestoration (7ms)
Launched and connected shader compiler UnityShaderCompiler.exe after 0.03 seconds
Refreshing native plugins compatible for Editor in 9.38 ms, found 2 plugins.
Preloading 0 native plugins for Editor in 0.00 ms.
Unloading 22 Unused Serialized files (Serialized files now loaded: 0)
Unloading 2719 unused Assets / (0.6 MB). Loaded Objects now: 3300.
Memory consumption went from 107.0 MB to 106.4 MB.
Total: 19.210800 ms (FindLiveObjects: 1.024600 ms CreateObjectMapping: 0.481000 ms MarkObjects: 16.100900 ms  DeleteObjects: 1.600700 ms)

========================================================================
Received Import Request.
  Time since last request: 1261.027694 seconds.
  path: Assets/sprits/logo.renderTexture
  artifactKey: Guid(e437ce8e2cefed14b8e9f5fc3df452b4) Importer(2089858483,192608db42251d675da83286b1cce702)
Start importing Assets/sprits/logo.renderTexture using Guid(e437ce8e2cefed14b8e9f5fc3df452b4) Importer(2089858483,192608db42251d675da83286b1cce702) (ScriptedImporter) -> (artifact id: '2300bda0bfcc482139ddc249d59fca5c') in 0.1587229 seconds
Number of updated asset objects reloaded before import = 0Number of asset objects unloaded after import = 1

========================================================================
Received Import Request.
  Time since last request: 0.000025 seconds.
  path: Assets/Scripts/MoveHistory.cs
  artifactKey: Guid(ead5d5d6a3d75244a882887ff63707ee) Importer(2089858483,192608db42251d675da83286b1cce702)
Start importing Assets/Scripts/MoveHistory.cs using Guid(ead5d5d6a3d75244a882887ff63707ee) Importer(2089858483,192608db42251d675da83286b1cce702) (ScriptedImporter) -> (artifact id: '5b859b5dc8a58844af3f37117821d6e5') in 0.0335269 seconds
Number of updated asset objects reloaded before import = 0Number of asset objects unloaded after import = 0

========================================================================
Received Import Request.
  Time since last request: 0.000107 seconds.
  path: Assets/png/Settings (10).png
  artifactKey: Guid(f8167519248fdc74eb2d8bf9810a1e0d) Importer(2089858483,192608db42251d675da83286b1cce702)
Start importing Assets/png/Settings (10).png using Guid(f8167519248fdc74eb2d8bf9810a1e0d) Importer(2089858483,192608db42251d675da83286b1cce702) (ScriptedImporter) -> (artifact id: '8a23c59fa273c3d2fbfc7d61cba15c18') in 0.0776975 seconds
Number of updated asset objects reloaded before import = 0Number of asset objects unloaded after import = 3

========================================================================
Received Import Request.
  Time since last request: 0.000075 seconds.
  path: Assets/png/Chess Master Main Menu.png
  artifactKey: Guid(4c3e03978ac1ce04bb91499643f43352) Importer(2089858483,192608db42251d675da83286b1cce702)
Start importing Assets/png/Chess Master Main Menu.png using Guid(4c3e03978ac1ce04bb91499643f43352) Importer(2089858483,192608db42251d675da83286b1cce702) (ScriptedImporter) -> (artifact id: 'aea7816e0060ecd10d9de1f7b7536dd7') in 0.0409364 seconds
Number of updated asset objects reloaded before import = 0Number of asset objects unloaded after import = 3

========================================================================
Received Import Request.
  Time since last request: 0.000040 seconds.
  path: Assets/Scripts/CapturedPiecesDisplay.cs
  artifactKey: Guid(65133579c5114524894bb2226ba007a3) Importer(2089858483,192608db42251d675da83286b1cce702)
Start importing Assets/Scripts/CapturedPiecesDisplay.cs using Guid(65133579c5114524894bb2226ba007a3) Importer(2089858483,192608db42251d675da83286b1cce702) (ScriptedImporter) -> (artifact id: '72170c4c332f1c85a5cddcabca904707') in 0.0254797 seconds
Number of updated asset objects reloaded before import = 0Number of asset objects unloaded after import = 0

========================================================================
Received Import Request.
  Time since last request: 0.000166 seconds.
  path: Assets/Scripts
  artifactKey: Guid(d0f2c6916f3f5804b9d4e019a71bfe6b) Importer(2089858483,192608db42251d675da83286b1cce702)
Start importing Assets/Scripts using Guid(d0f2c6916f3f5804b9d4e019a71bfe6b) Importer(2089858483,192608db42251d675da83286b1cce702) (ScriptedImporter) -> (artifact id: 'cc11dde9859cdfa2319bcfcdd94915c3') in 0.0232638 seconds
Number of updated asset objects reloaded before import = 0Number of asset objects unloaded after import = 1

========================================================================
Received Import Request.
  Time since last request: 0.000132 seconds.
  path: Assets/Scripts/SaveManager.cs
  artifactKey: Guid(07d7216a665f2a24cae0824e1a60fa37) Importer(2089858483,192608db42251d675da83286b1cce702)
Start importing Assets/Scripts/SaveManager.cs using Guid(07d7216a665f2a24cae0824e1a60fa37) Importer(2089858483,192608db42251d675da83286b1cce702) (ScriptedImporter) -> (artifact id: '6a7ec076c2b7940549a64fc0aca4c9c7') in 0.0220534 seconds
Number of updated asset objects reloaded before import = 0Number of asset objects unloaded after import = 0

========================================================================
Received Import Request.
  Time since last request: 0.000131 seconds.
  path: Assets/png/Return (1).png
  artifactKey: Guid(b5d5dc330b1516040a5d30c10496bc6c) Importer(2089858483,192608db42251d675da83286b1cce702)
Start importing Assets/png/Return (1).png using Guid(b5d5dc330b1516040a5d30c10496bc6c) Importer(2089858483,192608db42251d675da83286b1cce702) (ScriptedImporter) -> (artifact id: 'cf833cca11e74049b0ace16c4f43be73') in 0.0477066 seconds
Number of updated asset objects reloaded before import = 0Number of asset objects unloaded after import = 3

========================================================================
Received Import Request.
  Time since last request: 0.000030 seconds.
  path: Assets/Scripts/BoxController.cs
  artifactKey: Guid(a0ec30451bb353a4d91e056e2068c9f4) Importer(2089858483,192608db42251d675da83286b1cce702)
Start importing Assets/Scripts/BoxController.cs using Guid(a0ec30451bb353a4d91e056e2068c9f4) Importer(2089858483,192608db42251d675da83286b1cce702) (ScriptedImporter) -> (artifact id: '494b32759296baa182697ea9b5519d3c') in 0.0181394 seconds
Number of updated asset objects reloaded before import = 0Number of asset objects unloaded after import = 0

========================================================================
Received Import Request.
  Time since last request: 0.000132 seconds.
  path: Assets/Scripts/GameController.cs
  artifactKey: Guid(0ae7e5c7e7a2b6343a44c5c3385c88e1) Importer(2089858483,192608db42251d675da83286b1cce702)
Start importing Assets/Scripts/GameController.cs using Guid(0ae7e5c7e7a2b6343a44c5c3385c88e1) Importer(2089858483,192608db42251d675da83286b1cce702) (ScriptedImporter) -> (artifact id: '82198932070902faa4175a2cb0cd57d4') in 0.0223412 seconds
Number of updated asset objects reloaded before import = 0Number of asset objects unloaded after import = 0

========================================================================
Received Import Request.
  Time since last request: 0.000134 seconds.
  path: Assets/SFX
  artifactKey: Guid(0ac00477156fcaa4293f64b51b501504) Importer(2089858483,192608db42251d675da83286b1cce702)
Start importing Assets/SFX using Guid(0ac00477156fcaa4293f64b51b501504) Importer(2089858483,192608db42251d675da83286b1cce702) (ScriptedImporter) -> (artifact id: '473b3b14ae4a697feec541a6860f98d9') in 0.0219048 seconds
Number of updated asset objects reloaded before import = 0Number of asset objects unloaded after import = 1

========================================================================
Received Import Request.
  Time since last request: 0.000088 seconds.
  path: Assets/SFX/win.mp3
  artifactKey: Guid(96de578759f1f9d41b46b1c25dc91109) Importer(2089858483,192608db42251d675da83286b1cce702)
Start importing Assets/SFX/win.mp3 using Guid(96de578759f1f9d41b46b1c25dc91109) Importer(2089858483,192608db42251d675da83286b1cce702) (ScriptedImporter) -> (artifact id: '820ff1dfb0de24c1b8fbc95fa8f82378') in 0.0663761 seconds
Number of updated asset objects reloaded before import = 0Number of asset objects unloaded after import = 1

========================================================================
Received Import Request.
  Time since last request: 0.000110 seconds.
  path: Assets/SFX/kill.mp3
  artifactKey: Guid(9554ac164dc829b4ab251392fb7be4b7) Importer(2089858483,192608db42251d675da83286b1cce702)
Start importing Assets/SFX/kill.mp3 using Guid(9554ac164dc829b4ab251392fb7be4b7) Importer(2089858483,192608db42251d675da83286b1cce702) (ScriptedImporter) -> (artifact id: '86a732921945bef38ab427271faaf30e') in 0.0471188 seconds
Number of updated asset objects reloaded before import = 0Number of asset objects unloaded after import = 1

========================================================================
Received Import Request.
  Time since last request: 0.000084 seconds.
  path: Assets/Prefabs/Black Box.prefab
  artifactKey: Guid(70ed20772ff9a2e4e87f4f090da64ab0) Importer(2089858483,192608db42251d675da83286b1cce702)
Start importing Assets/Prefabs/Black Box.prefab using Guid(70ed20772ff9a2e4e87f4f090da64ab0) Importer(2089858483,192608db42251d675da83286b1cce702) (ScriptedImporter) -> (artifact id: '7949825ea8d1faec377c196a97f6c281') in 0.0542494 seconds
Number of updated asset objects reloaded before import = 0Number of asset objects unloaded after import = 11

